z
['./experiment.py', 'train.npy', 'test.npy', 'context.npy', 'mnist_spnrp_300.log', '500000', '2', '-1', '0.4']
740.7892507478682,768.5896630602762,0.9311127662658691,2.234586000442505,500000
['./experiment.py', 'train.npy', 'test.npy', 'context.npy', 'mnist_spnrp_300.log', '500000', '2', '5', '0.4']
740.7892507478682,768.5896630602762,0.47130393981933594,2.004500150680542,500000
['./experiment.py', 'train.npy', 'test.npy', 'context.npy', 'mnist_spnrp_300.log', '500000', '2', '10', '0.4']
740.7892507478682,768.5896630602762,0.485123872756958,1.7884101867675781,500000
['./experiment.py', 'train.npy', 'test.npy', 'context.npy', 'mnist_spnrp_300.log', '500000', '2', '15', '0.4']
740.7892507478682,768.5896630602762,0.6972618103027344,2.087728977203369,500000
['./experiment.py', 'train.npy', 'test.npy', 'context.npy', 'mnist_spnrp_300.log', '500000', '2', '20', '0.4']
740.7892507478682,768.5896630602762,0.46875596046447754,1.5740771293640137,500000
['./experiment.py', 'train.npy', 'test.npy', 'context.npy', 'mnist_spnrp_300.log', '500000', '2', '25', '0.4']
740.7892507478682,768.5896630602762,0.7471451759338379,1.8026959896087646,500000
['./experiment.py', 'train.npy', 'test.npy', 'context.npy', 'mnist_spnrp_300.log', '500000', '2', '30', '0.4']
740.7892507478682,768.5896630602762,0.8805623054504395,1.6130249500274658,500000
['./experiment.py', 'train.npy', 'test.npy', 'context.npy', 'mnist_spnrp_300.log', '500000', '4', '-1', '0.4']
740.7892507478682,812.525414409093,0.5712041854858398,8.87597107887268,500000
['./experiment.py', 'train.npy', 'test.npy', 'context.npy', 'mnist_spnrp_300.log', '500000', '4', '5', '0.4']
740.7892507478682,812.525414409093,0.49466490745544434,8.126055002212524,500000
['./experiment.py', 'train.npy', 'test.npy', 'context.npy', 'mnist_spnrp_300.log', '500000', '4', '10', '0.4']
740.7892507478682,812.525414409093,0.5438799858093262,9.561416864395142,500000
['./experiment.py', 'train.npy', 'test.npy', 'context.npy', 'mnist_spnrp_300.log', '500000', '4', '15', '0.4']
740.7892507478682,812.525414409093,0.4754769802093506,8.268166065216064,500000
['./experiment.py', 'train.npy', 'test.npy', 'context.npy', 'mnist_spnrp_300.log', '500000', '4', '20', '0.4']
740.7892507478682,812.525414409093,0.47165608406066895,11.288179159164429,500000
['./experiment.py', 'train.npy', 'test.npy', 'context.npy', 'mnist_spnrp_300.log', '500000', '4', '25', '0.4']
740.7892507478682,812.525414409093,0.544957160949707,9.406920194625854,500000
['./experiment.py', 'train.npy', 'test.npy', 'context.npy', 'mnist_spnrp_300.log', '500000', '4', '30', '0.4']
740.7892507478682,812.525414409093,0.4911789894104004,8.145174026489258,500000
['./experiment.py', 'train.npy', 'test.npy', 'context.npy', 'mnist_spnrp_300.log', '500000', '6', '-1', '0.4']
740.7892507478682,850.6487750603169,0.4545140266418457,31.192214012145996,500000
['./experiment.py', 'train.npy', 'test.npy', 'context.npy', 'mnist_spnrp_300.log', '500000', '6', '5', '0.4']
740.7892507478682,850.6487750603169,1.5402278900146484,42.42325210571289,500000
['./experiment.py', 'train.npy', 'test.npy', 'context.npy', 'mnist_spnrp_300.log', '500000', '6', '10', '0.4']
740.7892507478682,850.6487750603169,0.9235410690307617,33.54346203804016,500000
['./experiment.py', 'train.npy', 'test.npy', 'context.npy', 'mnist_spnrp_300.log', '500000', '6', '15', '0.4']
740.7892507478682,850.6487750603169,0.4961090087890625,34.23780298233032,500000
['./experiment.py', 'train.npy', 'test.npy', 'context.npy', 'mnist_spnrp_300.log', '500000', '6', '20', '0.4']
740.7892507478682,850.6487750603169,0.8061301708221436,37.36936378479004,500000
['./experiment.py', 'train.npy', 'test.npy', 'context.npy', 'mnist_spnrp_300.log', '500000', '6', '25', '0.4']
740.7892507478682,850.6487750603169,0.5691511631011963,36.23597502708435,500000
['./experiment.py', 'train.npy', 'test.npy', 'context.npy', 'mnist_spnrp_300.log', '500000', '6', '30', '0.4']
740.7892507478682,850.6487750603169,0.5341448783874512,29.566339015960693,500000
['./experiment.py', 'train.npy', 'test.npy', 'context.npy', 'mnist_spnrp_300.log', '500000', '8', '-1', '0.4']
740.7892507478682,896.0116451024829,0.5054299831390381,121.70707988739014,500000
['./experiment.py', 'train.npy', 'test.npy', 'context.npy', 'mnist_spnrp_300.log', '500000', '8', '5', '0.4']
740.7892507478682,896.0116451024829,0.4891390800476074,124.28527188301086,500000
['./experiment.py', 'train.npy', 'test.npy', 'context.npy', 'mnist_spnrp_300.log', '500000', '8', '10', '0.4']
740.7892507478682,895.8999808714123,0.46586132049560547,109.3673369884491,500000
['./experiment.py', 'train.npy', 'test.npy', 'context.npy', 'mnist_spnrp_300.log', '500000', '8', '15', '0.4']
740.7892507478682,892.3762925301363,0.4647679328918457,115.19719004631042,500000
['./experiment.py', 'train.npy', 'test.npy', 'context.npy', 'mnist_spnrp_300.log', '500000', '8', '20', '0.4']
740.7892507478682,889.2006069816662,0.484987735748291,103.15661001205444,500000
['./experiment.py', 'train.npy', 'test.npy', 'context.npy', 'mnist_spnrp_300.log', '500000', '8', '25', '0.4']
740.7892507478682,885.4903462816426,0.5072188377380371,85.57992386817932,500000
['./experiment.py', 'train.npy', 'test.npy', 'context.npy', 'mnist_spnrp_300.log', '500000', '8', '30', '0.4']
740.7892507478682,883.8733090713962,0.47691798210144043,497.5938370227814,500000
['./experiment.py', 'train.npy', 'test.npy', 'context.npy', 'mnist_spnrp_300.log', '500000', '12', '-1', '0.4']
740.7892507478682,0,0.5505857467651367,0,500000
['./experiment.py', 'train.npy', 'test.npy', 'context.npy', 'mnist_spnrp_300.log', '500000', '12', '5', '0.4']
740.7892507478682,0,0.48303699493408203,0,500000
['./experiment.py', 'train.npy', 'test.npy', 'context.npy', 'mnist_spnrp_300.log', '500000', '12', '10', '0.4']
740.7892507478682,954.9119685288351,0.516901969909668,418.4441828727722,500000
['./experiment.py', 'train.npy', 'test.npy', 'context.npy', 'mnist_spnrp_300.log', '500000', '12', '15', '0.4']
740.7892507478682,931.4936464707653,1.153357982635498,168.49667692184448,500000
['./experiment.py', 'train.npy', 'test.npy', 'context.npy', 'mnist_spnrp_300.log', '500000', '12', '20', '0.4']
740.7892507478682,916.9979938458372,0.4507730007171631,289.1356098651886,500000
['./experiment.py', 'train.npy', 'test.npy', 'context.npy', 'mnist_spnrp_300.log', '500000', '12', '25', '0.4']
740.7892507478682,906.705341943521,0.48114705085754395,91.42560887336731,500000
['./experiment.py', 'train.npy', 'test.npy', 'context.npy', 'mnist_spnrp_300.log', '500000', '12', '30', '0.4']
740.7892507478682,899.495243843655,0.7989881038665771,69.50679111480713,500000
['./experiment.py', 'train.npy', 'test.npy', 'context.npy', 'mnist_spnrp_300.log', '500000', '14', '-1', '0.4']
740.7892507478682,0,0.5211620330810547,0,500000
['./experiment.py', 'train.npy', 'test.npy', 'context.npy', 'mnist_spnrp_300.log', '500000', '14', '5', '0.4']
740.7892507478682,0,0.49060893058776855,0,500000
['./experiment.py', 'train.npy', 'test.npy', 'context.npy', 'mnist_spnrp_300.log', '500000', '14', '10', '0.4']
740.7892507478682,955.1770700867297,0.5070958137512207,394.95558762550354,500000
['./experiment.py', 'train.npy', 'test.npy', 'context.npy', 'mnist_spnrp_300.log', '500000', '14', '15', '0.4']
740.7892507478682,931.4969144723744,0.5253829956054688,578.0309870243073,500000
['./experiment.py', 'train.npy', 'test.npy', 'context.npy', 'mnist_spnrp_300.log', '500000', '14', '20', '0.4']
740.7892507478682,916.9979938458372,0.5535399913787842,322.3788869380951,500000
['./experiment.py', 'train.npy', 'test.npy', 'context.npy', 'mnist_spnrp_300.log', '500000', '14', '25', '0.4']
740.7892507478682,906.705341943521,0.5344009399414062,110.52369284629822,500000
['./experiment.py', 'train.npy', 'test.npy', 'context.npy', 'mnist_spnrp_300.log', '500000', '14', '30', '0.4']
740.7892507478682,899.495243843655,0.4793357849121094,83.18558073043823,500000
['./experiment.py', 'train.npy', 'test.npy', 'context.npy', 'mnist_spnrp_300.log', '500000', '16', '-1', '0.4']
740.7892507478682,0,0.4592099189758301,0,500000
['./experiment.py', 'train.npy', 'test.npy', 'context.npy', 'mnist_spnrp_300.log', '500000', '16', '5', '0.4']
740.7892507478682,0,0.2940032482147217,0,500000
['./experiment.py', 'train.npy', 'test.npy', 'context.npy', 'mnist_spnrp_300.log', '500000', '16', '10', '0.4']
740.7892507478682,955.1770700867297,0.45366597175598145,404.5803062915802,500000
['./experiment.py', 'train.npy', 'test.npy', 'context.npy', 'mnist_spnrp_300.log', '500000', '16', '15', '0.4']
740.7892507478682,931.4969144723744,0.4930229187011719,295.5875198841095,500000
['./experiment.py', 'train.npy', 'test.npy', 'context.npy', 'mnist_spnrp_300.log', '500000', '16', '20', '0.4']
740.7892507478682,916.9979938458372,0.4755251407623291,197.74052691459656,500000
['./experiment.py', 'train.npy', 'test.npy', 'context.npy', 'mnist_spnrp_300.log', '500000', '16', '25', '0.4']
740.7892507478682,906.705341943521,0.5004637241363525,230.92433834075928,500000
['./experiment.py', 'train.npy', 'test.npy', 'context.npy', 'mnist_spnrp_300.log', '500000', '16', '30', '0.4']
740.7892507478682,899.495243843655,0.4771692752838135,220.91589975357056,500000
['./experiment.py', 'train.npy', 'test.npy', 'context.npy', 'mnist_spnrp_300.log', '500000', '18', '-1', '0.4']
740.7892507478682,0,0.44726085662841797,0,500000
['./experiment.py', 'train.npy', 'test.npy', 'context.npy', 'mnist_spnrp_300.log', '500000', '18', '5', '0.4']
740.7892507478682,0,0.620048999786377,0,500000
['./experiment.py', 'train.npy', 'test.npy', 'context.npy', 'mnist_spnrp_300.log', '500000', '18', '10', '0.4']
740.7892507478682,955.1770700867297,0.4821639060974121,353.80587816238403,500000
['./experiment.py', 'train.npy', 'test.npy', 'context.npy', 'mnist_spnrp_300.log', '500000', '18', '15', '0.4']
740.7892507478682,931.4969144723744,1.0786259174346924,169.98955273628235,500000
['./experiment.py', 'train.npy', 'test.npy', 'context.npy', 'mnist_spnrp_300.log', '500000', '18', '20', '0.4']
740.7892507478682,916.9979938458372,0.5430629253387451,222.56506514549255,500000
['./experiment.py', 'train.npy', 'test.npy', 'context.npy', 'mnist_spnrp_300.log', '500000', '18', '25', '0.4']
740.7892507478682,906.705341943521,0.5557990074157715,82.61159992218018,500000
['./experiment.py', 'train.npy', 'test.npy', 'context.npy', 'mnist_spnrp_300.log', '500000', '18', '30', '0.4']
740.7892507478682,899.495243843655,0.4365711212158203,148.8402442932129,500000
['./experiment.py', 'train.npy', 'test.npy', 'context.npy', 'mnist_spnrp_300.log', '500000', '20', '-1', '0.4']
740.7892507478682,0,0.5169577598571777,0,500000
['./experiment.py', 'train.npy', 'test.npy', 'context.npy', 'mnist_spnrp_300.log', '500000', '20', '5', '0.4']
740.7892507478682,0,0.5156412124633789,0,500000
['./experiment.py', 'train.npy', 'test.npy', 'context.npy', 'mnist_spnrp_300.log', '500000', '20', '10', '0.4']
740.7892507478682,955.1770700867297,0.569835901260376,365.2013609409332,500000
['./experiment.py', 'train.npy', 'test.npy', 'context.npy', 'mnist_spnrp_300.log', '500000', '20', '15', '0.4']
740.7892507478682,931.4969144723744,0.4977891445159912,346.1607277393341,500000
['./experiment.py', 'train.npy', 'test.npy', 'context.npy', 'mnist_spnrp_300.log', '500000', '20', '20', '0.4']
740.7892507478682,916.9979938458372,0.5247910022735596,116.15906476974487,500000
['./experiment.py', 'train.npy', 'test.npy', 'context.npy', 'mnist_spnrp_300.log', '500000', '20', '25', '0.4']
740.7892507478682,906.705341943521,0.5218150615692139,81.27883386611938,500000
['./experiment.py', 'train.npy', 'test.npy', 'context.npy', 'mnist_spnrp_300.log', '500000', '20', '30', '0.4']
740.7892507478682,899.495243843655,0.4806241989135742,68.37949705123901,500000
['./experiment.py', 'train.npy', 'test.npy', 'context.npy', 'mnist_spnrp_300.log', '500000', '22', '-1', '0.4']
740.7892507478682,0,0.6439981460571289,0,500000
['./experiment.py', 'train.npy', 'test.npy', 'context.npy', 'mnist_spnrp_300.log', '500000', '22', '5', '0.4']
740.7892507478682,0,0.47209882736206055,0,500000
['./experiment.py', 'train.npy', 'test.npy', 'context.npy', 'mnist_spnrp_300.log', '500000', '22', '10', '0.4']
740.7892507478682,955.1770700867297,0.5584151744842529,441.6789996623993,500000
['./experiment.py', 'train.npy', 'test.npy', 'context.npy', 'mnist_spnrp_300.log', '500000', '22', '15', '0.4']
740.7892507478682,931.4969144723744,0.6024751663208008,166.3798520565033,500000
['./experiment.py', 'train.npy', 'test.npy', 'context.npy', 'mnist_spnrp_300.log', '500000', '22', '20', '0.4']
740.7892507478682,916.9979938458372,0.47133398056030273,124.49125790596008,500000
['./experiment.py', 'train.npy', 'test.npy', 'context.npy', 'mnist_spnrp_300.log', '500000', '22', '25', '0.4']
740.7892507478682,906.705341943521,0.5100579261779785,94.04374504089355,500000
['./experiment.py', 'train.npy', 'test.npy', 'context.npy', 'mnist_spnrp_300.log', '500000', '22', '30', '0.4']
740.7892507478682,899.495243843655,0.4817972183227539,75.27232503890991,500000
['./experiment.py', 'train.npy', 'test.npy', 'context.npy', 'mnist_spnrp_300.log', '500000', '24', '-1', '0.4']
740.7892507478682,0,0.47836899757385254,0,500000
['./experiment.py', 'train.npy', 'test.npy', 'context.npy', 'mnist_spnrp_300.log', '500000', '24', '5', '0.4']
740.7892507478682,0,0.33019089698791504,0,500000
['./experiment.py', 'train.npy', 'test.npy', 'context.npy', 'mnist_spnrp_300.log', '500000', '24', '10', '0.4']
740.7892507478682,955.1770700867297,1.1041109561920166,344.0190267562866,500000
['./experiment.py', 'train.npy', 'test.npy', 'context.npy', 'mnist_spnrp_300.log', '500000', '24', '15', '0.4']
740.7892507478682,931.4969144723744,0.6903371810913086,161.4051330089569,500000
['./experiment.py', 'train.npy', 'test.npy', 'context.npy', 'mnist_spnrp_300.log', '500000', '24', '20', '0.4']
740.7892507478682,916.9979938458372,0.5483269691467285,117.81215000152588,500000
['./experiment.py', 'train.npy', 'test.npy', 'context.npy', 'mnist_spnrp_300.log', '500000', '24', '25', '0.4']
740.7892507478682,906.705341943521,0.492520809173584,99.91238331794739,500000
['./experiment.py', 'train.npy', 'test.npy', 'context.npy', 'mnist_spnrp_300.log', '500000', '24', '30', '0.4']
740.7892507478682,899.495243843655,0.4772350788116455,78.25523400306702,500000
['./experiment.py', 'train.npy', 'test.npy', 'context.npy', 'mnist_spnrp_300.log', '500000', '26', '-1', '0.4']
740.7892507478682,0,0.6261522769927979,0,500000
['./experiment.py', 'train.npy', 'test.npy', 'context.npy', 'mnist_spnrp_300.log', '500000', '26', '5', '0.4']
740.7892507478682,0,0.2990760803222656,0,500000
['./experiment.py', 'train.npy', 'test.npy', 'context.npy', 'mnist_spnrp_300.log', '500000', '26', '10', '0.4']
740.7892507478682,955.1770700867297,0.5588788986206055,247.3583629131317,500000
['./experiment.py', 'train.npy', 'test.npy', 'context.npy', 'mnist_spnrp_300.log', '500000', '26', '15', '0.4']
740.7892507478682,931.4969144723744,0.6498730182647705,170.53161120414734,500000
['./experiment.py', 'train.npy', 'test.npy', 'context.npy', 'mnist_spnrp_300.log', '500000', '26', '20', '0.4']
740.7892507478682,916.9979938458372,0.6095898151397705,134.95306181907654,500000
['./experiment.py', 'train.npy', 'test.npy', 'context.npy', 'mnist_spnrp_300.log', '500000', '26', '25', '0.4']
740.7892507478682,906.705341943521,0.5038692951202393,110.62044286727905,500000
['./experiment.py', 'train.npy', 'test.npy', 'context.npy', 'mnist_spnrp_300.log', '500000', '26', '30', '0.4']
740.7892507478682,899.495243843655,0.6284730434417725,81.93881893157959,500000
['./experiment.py', 'train.npy', 'test.npy', 'context.npy', 'mnist_spnrp_300.log', '500000', '30', '-1', '0.4']
740.7892507478682,0,0.4849421977996826,0,500000
['./experiment.py', 'train.npy', 'test.npy', 'context.npy', 'mnist_spnrp_300.log', '500000', '30', '5', '0.4']
740.7892507478682,0,0.2894020080566406,0,500000
['./experiment.py', 'train.npy', 'test.npy', 'context.npy', 'mnist_spnrp_300.log', '500000', '30', '10', '0.4']
740.7892507478682,955.1770700867297,0.5509049892425537,199.7753040790558,500000
['./experiment.py', 'train.npy', 'test.npy', 'context.npy', 'mnist_spnrp_300.log', '500000', '30', '15', '0.4']
740.7892507478682,931.4969144723744,0.531378984451294,131.90648889541626,500000
['./experiment.py', 'train.npy', 'test.npy', 'context.npy', 'mnist_spnrp_300.log', '500000', '30', '20', '0.4']
740.7892507478682,916.9979938458372,0.46288108825683594,107.91032910346985,500000
['./experiment.py', 'train.npy', 'test.npy', 'context.npy', 'mnist_spnrp_300.log', '500000', '30', '25', '0.4']
740.7892507478682,906.705341943521,0.4830751419067383,86.12496089935303,500000
['./experiment.py', 'train.npy', 'test.npy', 'context.npy', 'mnist_spnrp_300.log', '500000', '30', '30', '0.4']
740.7892507478682,899.495243843655,0.4499831199645996,75.5801830291748,500000
