['./experiment.py', 'train.npy', 'test.npy', 'context.npy', 'mnist_spnrp_60.log', '500000', '8000', '18', '0.5', '15', '0.4', '0.2', '1']
109.65802719918635,160.5968047458944,0.5744161605834961,26.64094066619873,500000
['./experiment.py', 'train.npy', 'test.npy', 'context.npy', 'mnist_spnrp_60.log', '500000', '2', '-1', '0.4']
112.05843241776554,124.44400812512237,0.471923828125,0.29894018173217773,500000
['./experiment.py', 'train.npy', 'test.npy', 'context.npy', 'mnist_spnrp_60.log', '500000', '2', '5', '0.4']
112.05843241776554,124.44400812512237,0.2224740982055664,0.268496036529541,500000
['./experiment.py', 'train.npy', 'test.npy', 'context.npy', 'mnist_spnrp_60.log', '500000', '2', '10', '0.4']
112.05843241776554,124.44400812512237,0.2442770004272461,0.28278398513793945,500000
['./experiment.py', 'train.npy', 'test.npy', 'context.npy', 'mnist_spnrp_60.log', '500000', '2', '15', '0.4']
112.05843241776554,124.44400812512237,0.21930599212646484,0.27086901664733887,500000
['./experiment.py', 'train.npy', 'test.npy', 'context.npy', 'mnist_spnrp_60.log', '500000', '2', '20', '0.4']
112.05843241776554,124.44400812512237,0.2196028232574463,0.27658700942993164,500000
['./experiment.py', 'train.npy', 'test.npy', 'context.npy', 'mnist_spnrp_60.log', '500000', '2', '25', '0.4']
112.05843241776554,124.44400812512237,0.2149980068206787,0.27019596099853516,500000
['./experiment.py', 'train.npy', 'test.npy', 'context.npy', 'mnist_spnrp_60.log', '500000', '2', '30', '0.4']
112.05843241776554,124.44400812512237,0.21436405181884766,0.26976895332336426,500000
['./experiment.py', 'train.npy', 'test.npy', 'context.npy', 'mnist_spnrp_60.log', '500000', '4', '-1', '0.4']
112.05843241776554,138.0235328310062,0.2177269458770752,1.418416976928711,500000
['./experiment.py', 'train.npy', 'test.npy', 'context.npy', 'mnist_spnrp_60.log', '500000', '4', '5', '0.4']
112.05843241776554,138.0235328310062,0.21437692642211914,1.3959338665008545,500000
['./experiment.py', 'train.npy', 'test.npy', 'context.npy', 'mnist_spnrp_60.log', '500000', '4', '10', '0.4']
112.05843241776554,138.0235328310062,0.21941399574279785,1.404486894607544,500000
['./experiment.py', 'train.npy', 'test.npy', 'context.npy', 'mnist_spnrp_60.log', '500000', '4', '15', '0.4']
112.05843241776554,138.0235328310062,0.21812200546264648,1.4117262363433838,500000
['./experiment.py', 'train.npy', 'test.npy', 'context.npy', 'mnist_spnrp_60.log', '500000', '4', '20', '0.4']
112.05843241776554,138.0235328310062,0.21817398071289062,1.393977165222168,500000
['./experiment.py', 'train.npy', 'test.npy', 'context.npy', 'mnist_spnrp_60.log', '500000', '4', '25', '0.4']
112.05843241776554,138.0235328310062,0.21964812278747559,1.4041450023651123,500000
['./experiment.py', 'train.npy', 'test.npy', 'context.npy', 'mnist_spnrp_60.log', '500000', '4', '30', '0.4']
112.05843241776554,138.0235328310062,0.22051501274108887,1.4657347202301025,500000
['./experiment.py', 'train.npy', 'test.npy', 'context.npy', 'mnist_spnrp_60.log', '500000', '6', '-1', '0.4']
112.05843241776554,148.66239329087642,0.21704721450805664,5.429985046386719,500000
['./experiment.py', 'train.npy', 'test.npy', 'context.npy', 'mnist_spnrp_60.log', '500000', '6', '5', '0.4']
112.05843241776554,148.66239329087642,0.21863770484924316,5.340637922286987,500000
['./experiment.py', 'train.npy', 'test.npy', 'context.npy', 'mnist_spnrp_60.log', '500000', '6', '10', '0.4']
112.05843241776554,148.66239329087642,0.2167668342590332,5.391378164291382,500000
['./experiment.py', 'train.npy', 'test.npy', 'context.npy', 'mnist_spnrp_60.log', '500000', '6', '15', '0.4']
112.05843241776554,148.66239329087642,0.22045326232910156,5.335823059082031,500000
['./experiment.py', 'train.npy', 'test.npy', 'context.npy', 'mnist_spnrp_60.log', '500000', '6', '20', '0.4']
112.05843241776554,148.66239329087642,0.2201390266418457,5.421885013580322,500000
['./experiment.py', 'train.npy', 'test.npy', 'context.npy', 'mnist_spnrp_60.log', '500000', '6', '25', '0.4']
112.05843241776554,149.4555062588394,0.22083616256713867,5.358880996704102,500000
['./experiment.py', 'train.npy', 'test.npy', 'context.npy', 'mnist_spnrp_60.log', '500000', '6', '30', '0.4']
112.05843241776554,148.46500555442276,0.2223217487335205,5.305501937866211,500000
['./experiment.py', 'train.npy', 'test.npy', 'context.npy', 'mnist_spnrp_60.log', '500000', '8', '-1', '0.4']
112.05843241776554,157.42382372463348,0.22558188438415527,21.746899843215942,500000
['./experiment.py', 'train.npy', 'test.npy', 'context.npy', 'mnist_spnrp_60.log', '500000', '8', '5', '0.4']
112.05843241776554,157.8675878367516,0.2187659740447998,20.541277170181274,500000
['./experiment.py', 'train.npy', 'test.npy', 'context.npy', 'mnist_spnrp_60.log', '500000', '8', '10', '0.4']
112.05843241776554,156.33505391023303,0.2188420295715332,19.601567029953003,500000
['./experiment.py', 'train.npy', 'test.npy', 'context.npy', 'mnist_spnrp_60.log', '500000', '8', '15', '0.4']
112.05843241776554,156.40348318729053,0.22162103652954102,17.527548789978027,500000
['./experiment.py', 'train.npy', 'test.npy', 'context.npy', 'mnist_spnrp_60.log', '500000', '8', '20', '0.4']
112.05843241776554,155.59783611473554,0.21494412422180176,15.570497989654541,500000
['./experiment.py', 'train.npy', 'test.npy', 'context.npy', 'mnist_spnrp_60.log', '500000', '8', '25', '0.4']
112.05843241776554,156.2214523217865,0.21906089782714844,13.28013801574707,500000
['./experiment.py', 'train.npy', 'test.npy', 'context.npy', 'mnist_spnrp_60.log', '500000', '8', '30', '0.4']
112.05843241776554,155.72402523473914,0.22035932540893555,11.818652868270874,500000
['./experiment.py', 'train.npy', 'test.npy', 'context.npy', 'mnist_spnrp_60.log', '500000', '12', '-1', '0.4']
112.05843241776554,0,0.2208690643310547,0,500000
['./experiment.py', 'train.npy', 'test.npy', 'context.npy', 'mnist_spnrp_60.log', '500000', '12', '5', '0.4']
112.05843241776554,0,0.21959495544433594,0,500000
['./experiment.py', 'train.npy', 'test.npy', 'context.npy', 'mnist_spnrp_60.log', '500000', '12', '10', '0.4']
112.05843241776554,0,0.44623899459838867,0,500000
['./experiment.py', 'train.npy', 'test.npy', 'context.npy', 'mnist_spnrp_60.log', '500000', '12', '15', '0.4']
112.05843241776554,163.83458248490484,0.2160019874572754,27.7014639377594,500000
['./experiment.py', 'train.npy', 'test.npy', 'context.npy', 'mnist_spnrp_60.log', '500000', '12', '20', '0.4']
112.05843241776554,162.10548320352987,0.2251279354095459,21.309017181396484,500000
['./experiment.py', 'train.npy', 'test.npy', 'context.npy', 'mnist_spnrp_60.log', '500000', '12', '25', '0.4']
112.05843241776554,161.01136703440943,0.22205495834350586,17.278378009796143,500000
['./experiment.py', 'train.npy', 'test.npy', 'context.npy', 'mnist_spnrp_60.log', '500000', '12', '30', '0.4']
112.05843241776554,159.69639574212638,0.2174239158630371,14.17561388015747,500000
['./experiment.py', 'train.npy', 'test.npy', 'context.npy', 'mnist_spnrp_60.log', '500000', '14', '-1', '0.4']
112.05843241776554,0,0.21786117553710938,0,500000
['./experiment.py', 'train.npy', 'test.npy', 'context.npy', 'mnist_spnrp_60.log', '500000', '14', '5', '0.4']
112.05843241776554,0,0.21962714195251465,0,500000
['./experiment.py', 'train.npy', 'test.npy', 'context.npy', 'mnist_spnrp_60.log', '500000', '14', '10', '0.4']
112.05843241776554,0,0.4148237705230713,0,500000
['./experiment.py', 'train.npy', 'test.npy', 'context.npy', 'mnist_spnrp_60.log', '500000', '14', '15', '0.4']
112.05843241776554,163.82481916302856,0.22673511505126953,27.910392999649048,500000
['./experiment.py', 'train.npy', 'test.npy', 'context.npy', 'mnist_spnrp_60.log', '500000', '14', '20', '0.4']
112.05843241776554,161.9692310392438,0.26926493644714355,21.129531145095825,500000
['./experiment.py', 'train.npy', 'test.npy', 'context.npy', 'mnist_spnrp_60.log', '500000', '14', '25', '0.4']
112.05843241776554,161.04651098678303,0.22223591804504395,18.375078916549683,500000
['./experiment.py', 'train.npy', 'test.npy', 'context.npy', 'mnist_spnrp_60.log', '500000', '14', '30', '0.4']
112.05843241776554,159.69639574212638,0.21706485748291016,14.108597993850708,500000
['./experiment.py', 'train.npy', 'test.npy', 'context.npy', 'mnist_spnrp_60.log', '500000', '16', '-1', '0.4']
112.05843241776554,0,0.22102785110473633,0,500000
['./experiment.py', 'train.npy', 'test.npy', 'context.npy', 'mnist_spnrp_60.log', '500000', '16', '5', '0.4']
112.05843241776554,0,0.22183609008789062,0,500000
['./experiment.py', 'train.npy', 'test.npy', 'context.npy', 'mnist_spnrp_60.log', '500000', '16', '10', '0.4']
112.05843241776554,0,0.23612093925476074,0,500000
['./experiment.py', 'train.npy', 'test.npy', 'context.npy', 'mnist_spnrp_60.log', '500000', '16', '15', '0.4']
112.05843241776554,163.82481916302856,0.46962594985961914,35.96079611778259,500000
['./experiment.py', 'train.npy', 'test.npy', 'context.npy', 'mnist_spnrp_60.log', '500000', '16', '20', '0.4']
112.05843241776554,161.9692310392438,0.4574892520904541,24.18015217781067,500000
['./experiment.py', 'train.npy', 'test.npy', 'context.npy', 'mnist_spnrp_60.log', '500000', '16', '25', '0.4']
112.05843241776554,161.04651098678303,0.4245941638946533,18.141417026519775,500000
['./experiment.py', 'train.npy', 'test.npy', 'context.npy', 'mnist_spnrp_60.log', '500000', '16', '30', '0.4']
112.05843241776554,159.69639574212638,0.41589975357055664,15.483922958374023,500000
['./experiment.py', 'train.npy', 'test.npy', 'context.npy', 'mnist_spnrp_60.log', '500000', '18', '-1', '0.4']
112.05843241776554,0,0.42685890197753906,0,500000
['./experiment.py', 'train.npy', 'test.npy', 'context.npy', 'mnist_spnrp_60.log', '500000', '18', '5', '0.4']
112.05843241776554,0,0.2199108600616455,0,500000
['./experiment.py', 'train.npy', 'test.npy', 'context.npy', 'mnist_spnrp_60.log', '500000', '18', '10', '0.4']
112.05843241776554,0,0.4607868194580078,0,500000
['./experiment.py', 'train.npy', 'test.npy', 'context.npy', 'mnist_spnrp_60.log', '500000', '18', '15', '0.4']
112.05843241776554,163.82481916302856,0.48381495475769043,30.793195009231567,500000
['./experiment.py', 'train.npy', 'test.npy', 'context.npy', 'mnist_spnrp_60.log', '500000', '18', '20', '0.4']
112.05843241776554,161.9692310392438,0.40920305252075195,22.714793920516968,500000
['./experiment.py', 'train.npy', 'test.npy', 'context.npy', 'mnist_spnrp_60.log', '500000', '18', '25', '0.4']
112.05843241776554,161.04651098678303,0.41004014015197754,18.731570959091187,500000
['./experiment.py', 'train.npy', 'test.npy', 'context.npy', 'mnist_spnrp_60.log', '500000', '18', '30', '0.4']
112.05843241776554,159.69639574212638,0.43225789070129395,15.822733879089355,500000
['./experiment.py', 'train.npy', 'test.npy', 'context.npy', 'mnist_spnrp_60.log', '500000', '20', '-1', '0.4']
112.05843241776554,0,0.47559499740600586,0,500000
['./experiment.py', 'train.npy', 'test.npy', 'context.npy', 'mnist_spnrp_60.log', '500000', '20', '5', '0.4']
112.05843241776554,0,0.32392024993896484,0,500000
['./experiment.py', 'train.npy', 'test.npy', 'context.npy', 'mnist_spnrp_60.log', '500000', '20', '10', '0.4']
112.05843241776554,0,0.4952230453491211,0,500000
['./experiment.py', 'train.npy', 'test.npy', 'context.npy', 'mnist_spnrp_60.log', '500000', '20', '15', '0.4']
112.05843241776554,163.82481916302856,0.3957831859588623,29.75565791130066,500000
['./experiment.py', 'train.npy', 'test.npy', 'context.npy', 'mnist_spnrp_60.log', '500000', '20', '20', '0.4']
112.05843241776554,161.9692310392438,0.38878512382507324,25.95713496208191,500000
['./experiment.py', 'train.npy', 'test.npy', 'context.npy', 'mnist_spnrp_60.log', '500000', '20', '25', '0.4']
112.05843241776554,161.04651098678303,0.47019076347351074,22.492957830429077,500000
['./experiment.py', 'train.npy', 'test.npy', 'context.npy', 'mnist_spnrp_60.log', '500000', '20', '30', '0.4']
112.05843241776554,159.69639574212638,0.48821020126342773,18.53245997428894,500000
['./experiment.py', 'train.npy', 'test.npy', 'context.npy', 'mnist_spnrp_60.log', '500000', '22', '-1', '0.4']
112.05843241776554,0,0.41932225227355957,0,500000
['./experiment.py', 'train.npy', 'test.npy', 'context.npy', 'mnist_spnrp_60.log', '500000', '22', '5', '0.4']
112.05843241776554,0,0.4215221405029297,0,500000
['./experiment.py', 'train.npy', 'test.npy', 'context.npy', 'mnist_spnrp_60.log', '500000', '22', '10', '0.4']
112.05843241776554,0,0.5172691345214844,0,500000
['./experiment.py', 'train.npy', 'test.npy', 'context.npy', 'mnist_spnrp_60.log', '500000', '22', '15', '0.4']
112.05843241776554,163.82481916302856,0.4950237274169922,31.826117038726807,500000
['./experiment.py', 'train.npy', 'test.npy', 'context.npy', 'mnist_spnrp_60.log', '500000', '22', '20', '0.4']
112.05843241776554,161.9692310392438,0.5162968635559082,23.875053882598877,500000
['./experiment.py', 'train.npy', 'test.npy', 'context.npy', 'mnist_spnrp_60.log', '500000', '22', '25', '0.4']
112.05843241776554,161.04651098678303,0.42079806327819824,17.530168056488037,500000
['./experiment.py', 'train.npy', 'test.npy', 'context.npy', 'mnist_spnrp_60.log', '500000', '22', '30', '0.4']
112.05843241776554,159.69639574212638,0.416546106338501,17.969316005706787,500000
['./experiment.py', 'train.npy', 'test.npy', 'context.npy', 'mnist_spnrp_60.log', '500000', '24', '-1', '0.4']
112.05843241776554,0,0.4352710247039795,0,500000
['./experiment.py', 'train.npy', 'test.npy', 'context.npy', 'mnist_spnrp_60.log', '500000', '24', '5', '0.4']
112.05843241776554,0,0.4550161361694336,0,500000
['./experiment.py', 'train.npy', 'test.npy', 'context.npy', 'mnist_spnrp_60.log', '500000', '24', '10', '0.4']
112.05843241776554,0,0.5459167957305908,0,500000
['./experiment.py', 'train.npy', 'test.npy', 'context.npy', 'mnist_spnrp_60.log', '500000', '24', '15', '0.4']
112.05843241776554,163.82481916302856,0.42499208450317383,29.05028772354126,500000
['./experiment.py', 'train.npy', 'test.npy', 'context.npy', 'mnist_spnrp_60.log', '500000', '24', '20', '0.4']
112.05843241776554,161.9692310392438,0.4192318916320801,25.852484703063965,500000
['./experiment.py', 'train.npy', 'test.npy', 'context.npy', 'mnist_spnrp_60.log', '500000', '24', '25', '0.4']
112.05843241776554,161.04651098678303,0.5063331127166748,17.935994863510132,500000
['./experiment.py', 'train.npy', 'test.npy', 'context.npy', 'mnist_spnrp_60.log', '500000', '24', '30', '0.4']
112.05843241776554,159.69639574212638,0.4635632038116455,15.494229078292847,500000
['./experiment.py', 'train.npy', 'test.npy', 'context.npy', 'mnist_spnrp_60.log', '500000', '26', '-1', '0.4']
112.05843241776554,0,0.386948823928833,0,500000
['./experiment.py', 'train.npy', 'test.npy', 'context.npy', 'mnist_spnrp_60.log', '500000', '26', '5', '0.4']
112.05843241776554,0,0.3650200366973877,0,500000
['./experiment.py', 'train.npy', 'test.npy', 'context.npy', 'mnist_spnrp_60.log', '500000', '26', '10', '0.4']
112.05843241776554,0,0.4552648067474365,0,500000
['./experiment.py', 'train.npy', 'test.npy', 'context.npy', 'mnist_spnrp_60.log', '500000', '26', '15', '0.4']
112.05843241776554,163.82481916302856,0.4239628314971924,30.193353176116943,500000
['./experiment.py', 'train.npy', 'test.npy', 'context.npy', 'mnist_spnrp_60.log', '500000', '26', '20', '0.4']
112.05843241776554,161.9692310392438,0.43251919746398926,34.67532920837402,500000
['./experiment.py', 'train.npy', 'test.npy', 'context.npy', 'mnist_spnrp_60.log', '500000', '26', '25', '0.4']
112.05843241776554,161.04651098678303,0.4234647750854492,18.96062421798706,500000
['./experiment.py', 'train.npy', 'test.npy', 'context.npy', 'mnist_spnrp_60.log', '500000', '26', '30', '0.4']
112.05843241776554,159.69639574212638,0.414762020111084,14.333698987960815,500000
['./experiment.py', 'train.npy', 'test.npy', 'context.npy', 'mnist_spnrp_60.log', '500000', '30', '-1', '0.4']
112.05843241776554,0,0.4532442092895508,0,500000
['./experiment.py', 'train.npy', 'test.npy', 'context.npy', 'mnist_spnrp_60.log', '500000', '30', '5', '0.4']
112.05843241776554,0,0.4221160411834717,0,500000
['./experiment.py', 'train.npy', 'test.npy', 'context.npy', 'mnist_spnrp_60.log', '500000', '30', '10', '0.4']
112.05843241776554,0,0.43712711334228516,0,500000
['./experiment.py', 'train.npy', 'test.npy', 'context.npy', 'mnist_spnrp_60.log', '500000', '30', '15', '0.4']
112.05843241776554,163.82481916302856,0.46652793884277344,37.86695694923401,500000
['./experiment.py', 'train.npy', 'test.npy', 'context.npy', 'mnist_spnrp_60.log', '500000', '30', '20', '0.4']
112.05843241776554,161.9692310392438,0.41229796409606934,22.036521911621094,500000
['./experiment.py', 'train.npy', 'test.npy', 'context.npy', 'mnist_spnrp_60.log', '500000', '30', '25', '0.4']
112.05843241776554,161.04651098678303,0.42766523361206055,17.741111993789673,500000
['./experiment.py', 'train.npy', 'test.npy', 'context.npy', 'mnist_spnrp_60.log', '500000', '30', '30', '0.4']
112.05843241776554,159.69639574212638,0.44104909896850586,16.73771381378174,500000
