['./experiment.py', 'train.npy', 'test.npy', 'context.npy', 'mnist_spnrp_40.log', '500000', '-1', '-1', '0.4']
66.0261945758841,0,0.5426912307739258,0,500000
['./experiment.py', 'train.npy', 'test.npy', 'context.npy', 'mnist_spnrp_40.log', '500000', '-1', '5', '0.4']
66.0261945758841,0,0.21633386611938477,0,500000
['./experiment.py', 'train.npy', 'test.npy', 'context.npy', 'mnist_spnrp_40.log', '500000', '-1', '10', '0.4']
66.0261945758841,0,0.22492027282714844,0,500000
['./experiment.py', 'train.npy', 'test.npy', 'context.npy', 'mnist_spnrp_40.log', '500000', '-1', '15', '0.4']
66.0261945758841,0,0.217695951461792,0,500000
['./experiment.py', 'train.npy', 'test.npy', 'context.npy', 'mnist_spnrp_40.log', '500000', '-1', '20', '0.4']
66.0261945758841,0,0.21828198432922363,0,500000
['./experiment.py', 'train.npy', 'test.npy', 'context.npy', 'mnist_spnrp_40.log', '500000', '-1', '25', '0.4']
66.0261945758841,0,0.2158498764038086,0,500000
['./experiment.py', 'train.npy', 'test.npy', 'context.npy', 'mnist_spnrp_40.log', '500000', '-1', '30', '0.4']
66.0261945758841,0,0.22119879722595215,0,500000
['./experiment.py', 'train.npy', 'test.npy', 'context.npy', 'mnist_spnrp_40.log', '500000', '2', '-1', '0.4']
66.0261945758841,73.05309101687459,0.22018980979919434,0.21740412712097168,500000
['./experiment.py', 'train.npy', 'test.npy', 'context.npy', 'mnist_spnrp_40.log', '500000', '2', '5', '0.4']
66.0261945758841,73.05309101687459,0.21744704246520996,0.19387292861938477,500000
['./experiment.py', 'train.npy', 'test.npy', 'context.npy', 'mnist_spnrp_40.log', '500000', '2', '10', '0.4']
66.0261945758841,73.05309101687459,0.22074127197265625,0.1956939697265625,500000
['./experiment.py', 'train.npy', 'test.npy', 'context.npy', 'mnist_spnrp_40.log', '500000', '2', '15', '0.4']
66.0261945758841,73.05309101687459,0.21382880210876465,0.1983013153076172,500000
['./experiment.py', 'train.npy', 'test.npy', 'context.npy', 'mnist_spnrp_40.log', '500000', '2', '20', '0.4']
66.0261945758841,73.05309101687459,0.22964978218078613,0.198930025100708,500000
['./experiment.py', 'train.npy', 'test.npy', 'context.npy', 'mnist_spnrp_40.log', '500000', '2', '25', '0.4']
66.0261945758841,73.05309101687459,0.2176980972290039,0.19497299194335938,500000
['./experiment.py', 'train.npy', 'test.npy', 'context.npy', 'mnist_spnrp_40.log', '500000', '2', '30', '0.4']
66.0261945758841,73.05309101687459,0.21405601501464844,0.19342994689941406,500000
['./experiment.py', 'train.npy', 'test.npy', 'context.npy', 'mnist_spnrp_40.log', '500000', '4', '-1', '0.4']
66.0261945758841,82.71309695915483,0.2183828353881836,1.0047869682312012,500000
['./experiment.py', 'train.npy', 'test.npy', 'context.npy', 'mnist_spnrp_40.log', '500000', '4', '5', '0.4']
66.0261945758841,82.71309695915483,0.23508286476135254,1.05643892288208,500000
['./experiment.py', 'train.npy', 'test.npy', 'context.npy', 'mnist_spnrp_40.log', '500000', '4', '10', '0.4']
66.0261945758841,82.71309695915483,0.22924113273620605,1.0493919849395752,500000
['./experiment.py', 'train.npy', 'test.npy', 'context.npy', 'mnist_spnrp_40.log', '500000', '4', '15', '0.4']
66.0261945758841,82.71309695915483,0.2217700481414795,1.0364041328430176,500000
['./experiment.py', 'train.npy', 'test.npy', 'context.npy', 'mnist_spnrp_40.log', '500000', '4', '20', '0.4']
66.0261945758841,82.71309695915483,0.22184276580810547,1.0094048976898193,500000
['./experiment.py', 'train.npy', 'test.npy', 'context.npy', 'mnist_spnrp_40.log', '500000', '4', '25', '0.4']
66.0261945758841,82.71309695915483,0.22275018692016602,1.0375597476959229,500000
['./experiment.py', 'train.npy', 'test.npy', 'context.npy', 'mnist_spnrp_40.log', '500000', '4', '30', '0.4']
66.0261945758841,82.71309695915483,0.2191753387451172,0.9955670833587646,500000
['./experiment.py', 'train.npy', 'test.npy', 'context.npy', 'mnist_spnrp_40.log', '500000', '6', '-1', '0.4']
66.0261945758841,90.04049602174922,0.22275519371032715,3.875211000442505,500000
['./experiment.py', 'train.npy', 'test.npy', 'context.npy', 'mnist_spnrp_40.log', '500000', '6', '5', '0.4']
66.0261945758841,90.04049602174922,0.21957802772521973,4.9248998165130615,500000
['./experiment.py', 'train.npy', 'test.npy', 'context.npy', 'mnist_spnrp_40.log', '500000', '6', '10', '0.4']
66.0261945758841,90.04049602174922,0.225693941116333,3.9581596851348877,500000
['./experiment.py', 'train.npy', 'test.npy', 'context.npy', 'mnist_spnrp_40.log', '500000', '6', '15', '0.4']
66.0261945758841,90.04049602174922,0.21945405006408691,3.857835054397583,500000
['./experiment.py', 'train.npy', 'test.npy', 'context.npy', 'mnist_spnrp_40.log', '500000', '6', '20', '0.4']
66.0261945758841,90.04049602174922,0.21724700927734375,3.783911943435669,500000
['./experiment.py', 'train.npy', 'test.npy', 'context.npy', 'mnist_spnrp_40.log', '500000', '6', '25', '0.4']
66.0261945758841,90.04049602174922,0.21701908111572266,3.83164119720459,500000
['./experiment.py', 'train.npy', 'test.npy', 'context.npy', 'mnist_spnrp_40.log', '500000', '6', '30', '0.4']
66.0261945758841,90.04049602174922,0.2212998867034912,3.9989840984344482,500000
['./experiment.py', 'train.npy', 'test.npy', 'context.npy', 'mnist_spnrp_40.log', '500000', '8', '-1', '0.4']
66.0261945758841,97.84733294601055,0.21854591369628906,14.404595851898193,500000
['./experiment.py', 'train.npy', 'test.npy', 'context.npy', 'mnist_spnrp_40.log', '500000', '8', '5', '0.4']
66.0261945758841,97.84733294601055,0.22038912773132324,13.980746030807495,500000
['./experiment.py', 'train.npy', 'test.npy', 'context.npy', 'mnist_spnrp_40.log', '500000', '8', '10', '0.4']
66.0261945758841,97.71158442293392,0.22269010543823242,15.012657165527344,500000
['./experiment.py', 'train.npy', 'test.npy', 'context.npy', 'mnist_spnrp_40.log', '500000', '8', '15', '0.4']
66.0261945758841,97.00247598842257,0.22139501571655273,12.714404106140137,500000
['./experiment.py', 'train.npy', 'test.npy', 'context.npy', 'mnist_spnrp_40.log', '500000', '8', '20', '0.4']
66.0261945758841,96.74507045935232,0.23192119598388672,11.132070302963257,500000
['./experiment.py', 'train.npy', 'test.npy', 'context.npy', 'mnist_spnrp_40.log', '500000', '8', '25', '0.4']
66.0261945758841,96.02296155751844,0.22098302841186523,9.510699987411499,500000
['./experiment.py', 'train.npy', 'test.npy', 'context.npy', 'mnist_spnrp_40.log', '500000', '8', '30', '0.4']
66.0261945758841,96.42517080562585,0.21596217155456543,8.551876783370972,500000
['./experiment.py', 'train.npy', 'test.npy', 'context.npy', 'mnist_spnrp_40.log', '500000', '10', '-1', '0.4']
66.0261945758841,0,0.2246701717376709,0,500000
['./experiment.py', 'train.npy', 'test.npy', 'context.npy', 'mnist_spnrp_40.log', '500000', '10', '5', '0.4']
66.0261945758841,103.15596885900685,0.22067713737487793,45.147167921066284,500000
['./experiment.py', 'train.npy', 'test.npy', 'context.npy', 'mnist_spnrp_40.log', '500000', '10', '10', '0.4']
66.0261945758841,101.29423572905316,0.2521510124206543,27.207928895950317,500000
['./experiment.py', 'train.npy', 'test.npy', 'context.npy', 'mnist_spnrp_40.log', '500000', '10', '15', '0.4']
66.0261945758841,100.28542812461959,0.2257981300354004,19.389292001724243,500000
['./experiment.py', 'train.npy', 'test.npy', 'context.npy', 'mnist_spnrp_40.log', '500000', '10', '20', '0.4']
66.0261945758841,99.37124123857332,0.25504112243652344,17.239906072616577,500000
['./experiment.py', 'train.npy', 'test.npy', 'context.npy', 'mnist_spnrp_40.log', '500000', '10', '25', '0.4']
66.0261945758841,98.70967663998002,0.24616408348083496,13.60197925567627,500000
['./experiment.py', 'train.npy', 'test.npy', 'context.npy', 'mnist_spnrp_40.log', '500000', '10', '30', '0.4']
66.0261945758841,98.51160108152773,0.2690129280090332,10.41937804222107,500000
['./experiment.py', 'train.npy', 'test.npy', 'context.npy', 'mnist_spnrp_40.log', '500000', '12', '-1', '0.4']
66.0261945758841,0,0.22050809860229492,0,500000
['./experiment.py', 'train.npy', 'test.npy', 'context.npy', 'mnist_spnrp_40.log', '500000', '12', '5', '0.4']
66.0261945758841,0,0.29052186012268066,0,500000
['./experiment.py', 'train.npy', 'test.npy', 'context.npy', 'mnist_spnrp_40.log', '500000', '12', '10', '0.4']
66.0261945758841,103.22092664105683,0.4491732120513916,30.36784601211548,500000
['./experiment.py', 'train.npy', 'test.npy', 'context.npy', 'mnist_spnrp_40.log', '500000', '12', '15', '0.4']
66.0261945758841,101.29947605156188,0.3886902332305908,18.78507709503174,500000
['./experiment.py', 'train.npy', 'test.npy', 'context.npy', 'mnist_spnrp_40.log', '500000', '12', '20', '0.4']
66.0261945758841,100.475349684565,0.22275304794311523,15.08060908317566,500000
['./experiment.py', 'train.npy', 'test.npy', 'context.npy', 'mnist_spnrp_40.log', '500000', '12', '25', '0.4']
66.0261945758841,99.52571108286203,0.30797481536865234,11.38613224029541,500000
['./experiment.py', 'train.npy', 'test.npy', 'context.npy', 'mnist_spnrp_40.log', '500000', '12', '30', '0.4']
66.0261945758841,98.76765255054615,0.4184272289276123,8.57348918914795,500000
['./experiment.py', 'train.npy', 'test.npy', 'context.npy', 'mnist_spnrp_40.log', '500000', '14', '-1', '0.4']
66.0261945758841,0,0.2531578540802002,0,500000
['./experiment.py', 'train.npy', 'test.npy', 'context.npy', 'mnist_spnrp_40.log', '500000', '14', '5', '0.4']
66.0261945758841,0,0.2676208019256592,0,500000
['./experiment.py', 'train.npy', 'test.npy', 'context.npy', 'mnist_spnrp_40.log', '500000', '14', '10', '0.4']
66.0261945758841,103.78333947883333,0.42697811126708984,27.9826078414917,500000
['./experiment.py', 'train.npy', 'test.npy', 'context.npy', 'mnist_spnrp_40.log', '500000', '14', '15', '0.4']
66.0261945758841,101.70595476029328,0.41168689727783203,18.92644190788269,500000
['./experiment.py', 'train.npy', 'test.npy', 'context.npy', 'mnist_spnrp_40.log', '500000', '14', '20', '0.4']
66.0261945758841,100.55306808351037,0.25986218452453613,14.099528789520264,500000
['./experiment.py', 'train.npy', 'test.npy', 'context.npy', 'mnist_spnrp_40.log', '500000', '14', '25', '0.4']
66.0261945758841,99.51100571043462,0.24539899826049805,11.880139112472534,500000
['./experiment.py', 'train.npy', 'test.npy', 'context.npy', 'mnist_spnrp_40.log', '500000', '14', '30', '0.4']
66.0261945758841,98.89511842744253,0.2440040111541748,10.154908895492554,500000
['./experiment.py', 'train.npy', 'test.npy', 'context.npy', 'mnist_spnrp_40.log', '500000', '16', '-1', '0.4']
66.0261945758841,0,0.2234058380126953,0,500000
['./experiment.py', 'train.npy', 'test.npy', 'context.npy', 'mnist_spnrp_40.log', '500000', '16', '5', '0.4']
66.0261945758841,0,0.24686789512634277,0,500000
['./experiment.py', 'train.npy', 'test.npy', 'context.npy', 'mnist_spnrp_40.log', '500000', '16', '10', '0.4']
66.0261945758841,104.01743205926047,0.40215587615966797,27.443444967269897,500000
['./experiment.py', 'train.npy', 'test.npy', 'context.npy', 'mnist_spnrp_40.log', '500000', '16', '15', '0.4']
66.0261945758841,101.70595476029328,0.401580810546875,19.047657012939453,500000
['./experiment.py', 'train.npy', 'test.npy', 'context.npy', 'mnist_spnrp_40.log', '500000', '16', '20', '0.4']
66.0261945758841,100.55306808351037,0.438403844833374,13.414552927017212,500000
['./experiment.py', 'train.npy', 'test.npy', 'context.npy', 'mnist_spnrp_40.log', '500000', '16', '25', '0.4']
66.0261945758841,99.51100571043462,0.21829700469970703,11.217054843902588,500000
['./experiment.py', 'train.npy', 'test.npy', 'context.npy', 'mnist_spnrp_40.log', '500000', '16', '30', '0.4']
66.0261945758841,98.89511842744253,0.2649810314178467,10.136680841445923,500000
['./experiment.py', 'train.npy', 'test.npy', 'context.npy', 'mnist_spnrp_40.log', '500000', '18', '-1', '0.4']
66.0261945758841,0,0.25167393684387207,0,500000
['./experiment.py', 'train.npy', 'test.npy', 'context.npy', 'mnist_spnrp_40.log', '500000', '18', '5', '0.4']
66.0261945758841,0,0.224625825881958,0,500000
['./experiment.py', 'train.npy', 'test.npy', 'context.npy', 'mnist_spnrp_40.log', '500000', '18', '10', '0.4']
66.0261945758841,104.01743205926047,0.26632189750671387,28.168138027191162,500000
['./experiment.py', 'train.npy', 'test.npy', 'context.npy', 'mnist_spnrp_40.log', '500000', '18', '15', '0.4']
66.0261945758841,101.70595476029328,0.4074897766113281,17.76835298538208,500000
['./experiment.py', 'train.npy', 'test.npy', 'context.npy', 'mnist_spnrp_40.log', '500000', '18', '20', '0.4']
66.0261945758841,100.55306808351037,0.4189269542694092,13.181491136550903,500000
['./experiment.py', 'train.npy', 'test.npy', 'context.npy', 'mnist_spnrp_40.log', '500000', '18', '25', '0.4']
66.0261945758841,99.51100571043462,0.21835708618164062,10.34308409690857,500000
['./experiment.py', 'train.npy', 'test.npy', 'context.npy', 'mnist_spnrp_40.log', '500000', '18', '30', '0.4']
66.0261945758841,98.89511842744253,0.21188807487487793,8.681270837783813,500000
['./experiment.py', 'train.npy', 'test.npy', 'context.npy', 'mnist_spnrp_40.log', '500000', '20', '-1', '0.4']
66.0261945758841,0,0.21709799766540527,0,500000
['./experiment.py', 'train.npy', 'test.npy', 'context.npy', 'mnist_spnrp_40.log', '500000', '20', '5', '0.4']
66.0261945758841,0,0.21694421768188477,0,500000
['./experiment.py', 'train.npy', 'test.npy', 'context.npy', 'mnist_spnrp_40.log', '500000', '20', '10', '0.4']
66.0261945758841,104.01743205926047,0.21947479248046875,28.60059905052185,500000
['./experiment.py', 'train.npy', 'test.npy', 'context.npy', 'mnist_spnrp_40.log', '500000', '20', '15', '0.4']
66.0261945758841,101.70595476029328,0.42720794677734375,18.73909282684326,500000
['./experiment.py', 'train.npy', 'test.npy', 'context.npy', 'mnist_spnrp_40.log', '500000', '20', '20', '0.4']
66.0261945758841,100.55306808351037,0.21666312217712402,14.622896194458008,500000
['./experiment.py', 'train.npy', 'test.npy', 'context.npy', 'mnist_spnrp_40.log', '500000', '20', '25', '0.4']
66.0261945758841,99.51100571043462,0.24189209938049316,11.08460807800293,500000
['./experiment.py', 'train.npy', 'test.npy', 'context.npy', 'mnist_spnrp_40.log', '500000', '20', '30', '0.4']
66.0261945758841,98.89511842744253,0.23301410675048828,9.200448036193848,500000
['./experiment.py', 'train.npy', 'test.npy', 'context.npy', 'mnist_spnrp_40.log', '500000', '22', '-1', '0.4']
66.0261945758841,0,0.24738192558288574,0,500000
['./experiment.py', 'train.npy', 'test.npy', 'context.npy', 'mnist_spnrp_40.log', '500000', '22', '5', '0.4']
66.0261945758841,0,0.2407398223876953,0,500000
['./experiment.py', 'train.npy', 'test.npy', 'context.npy', 'mnist_spnrp_40.log', '500000', '22', '10', '0.4']
66.0261945758841,104.01743205926047,0.26404881477355957,30.12253189086914,500000
['./experiment.py', 'train.npy', 'test.npy', 'context.npy', 'mnist_spnrp_40.log', '500000', '22', '15', '0.4']
66.0261945758841,101.70595476029328,0.3802371025085449,19.22661280632019,500000
['./experiment.py', 'train.npy', 'test.npy', 'context.npy', 'mnist_spnrp_40.log', '500000', '22', '20', '0.4']
66.0261945758841,100.55306808351037,0.4436306953430176,15.124117851257324,500000
['./experiment.py', 'train.npy', 'test.npy', 'context.npy', 'mnist_spnrp_40.log', '500000', '22', '25', '0.4']
66.0261945758841,99.51100571043462,0.21977710723876953,11.29404902458191,500000
['./experiment.py', 'train.npy', 'test.npy', 'context.npy', 'mnist_spnrp_40.log', '500000', '22', '30', '0.4']
66.0261945758841,98.89511842744253,0.25452208518981934,8.949384927749634,500000
['./experiment.py', 'train.npy', 'test.npy', 'context.npy', 'mnist_spnrp_40.log', '500000', '24', '-1', '0.4']
66.0261945758841,0,0.27669596672058105,0,500000
['./experiment.py', 'train.npy', 'test.npy', 'context.npy', 'mnist_spnrp_40.log', '500000', '24', '5', '0.4']
66.0261945758841,0,0.23607230186462402,0,500000
['./experiment.py', 'train.npy', 'test.npy', 'context.npy', 'mnist_spnrp_40.log', '500000', '24', '10', '0.4']
66.0261945758841,104.01743205926047,0.2903270721435547,29.531076908111572,500000
['./experiment.py', 'train.npy', 'test.npy', 'context.npy', 'mnist_spnrp_40.log', '500000', '24', '15', '0.4']
66.0261945758841,101.70595476029328,0.429854154586792,19.22476077079773,500000
['./experiment.py', 'train.npy', 'test.npy', 'context.npy', 'mnist_spnrp_40.log', '500000', '24', '20', '0.4']
66.0261945758841,100.55306808351037,0.407440185546875,12.761465072631836,500000
['./experiment.py', 'train.npy', 'test.npy', 'context.npy', 'mnist_spnrp_40.log', '500000', '24', '25', '0.4']
66.0261945758841,99.51100571043462,0.2164778709411621,10.399442911148071,500000
['./experiment.py', 'train.npy', 'test.npy', 'context.npy', 'mnist_spnrp_40.log', '500000', '24', '30', '0.4']
66.0261945758841,98.89511842744253,0.24361586570739746,8.941056966781616,500000
['./experiment.py', 'train.npy', 'test.npy', 'context.npy', 'mnist_spnrp_40.log', '500000', '26', '-1', '0.4']
66.0261945758841,0,0.38422608375549316,0,500000
['./experiment.py', 'train.npy', 'test.npy', 'context.npy', 'mnist_spnrp_40.log', '500000', '26', '5', '0.4']
66.0261945758841,0,0.2170119285583496,0,500000
['./experiment.py', 'train.npy', 'test.npy', 'context.npy', 'mnist_spnrp_40.log', '500000', '26', '10', '0.4']
66.0261945758841,104.01743205926047,0.5567359924316406,31.356716632843018,500000
['./experiment.py', 'train.npy', 'test.npy', 'context.npy', 'mnist_spnrp_40.log', '500000', '26', '15', '0.4']
66.0261945758841,101.70595476029328,0.4394831657409668,22.0759699344635,500000
['./experiment.py', 'train.npy', 'test.npy', 'context.npy', 'mnist_spnrp_40.log', '500000', '26', '20', '0.4']
66.0261945758841,100.55306808351037,0.4882371425628662,16.379533052444458,500000
['./experiment.py', 'train.npy', 'test.npy', 'context.npy', 'mnist_spnrp_40.log', '500000', '26', '25', '0.4']
66.0261945758841,99.51100571043462,0.41827392578125,10.69727373123169,500000
['./experiment.py', 'train.npy', 'test.npy', 'context.npy', 'mnist_spnrp_40.log', '500000', '26', '30', '0.4']
66.0261945758841,98.89511842744253,0.4084618091583252,8.79447078704834,500000
['./experiment.py', 'train.npy', 'test.npy', 'context.npy', 'mnist_spnrp_40.log', '500000', '30', '-1', '0.4']
66.0261945758841,0,0.4131200313568115,0,500000
['./experiment.py', 'train.npy', 'test.npy', 'context.npy', 'mnist_spnrp_40.log', '500000', '30', '5', '0.4']
66.0261945758841,0,0.21739721298217773,0,500000
['./experiment.py', 'train.npy', 'test.npy', 'context.npy', 'mnist_spnrp_40.log', '500000', '30', '10', '0.4']
66.0261945758841,104.01743205926047,0.4063072204589844,27.255554914474487,500000
['./experiment.py', 'train.npy', 'test.npy', 'context.npy', 'mnist_spnrp_40.log', '500000', '30', '15', '0.4']
66.0261945758841,101.70595476029328,0.4100301265716553,17.251858234405518,500000
['./experiment.py', 'train.npy', 'test.npy', 'context.npy', 'mnist_spnrp_40.log', '500000', '30', '20', '0.4']
66.0261945758841,100.55306808351037,0.3423891067504883,13.212393999099731,500000
['./experiment.py', 'train.npy', 'test.npy', 'context.npy', 'mnist_spnrp_40.log', '500000', '30', '25', '0.4']
66.0261945758841,99.51100571043462,0.3412628173828125,10.942951202392578,500000
['./experiment.py', 'train.npy', 'test.npy', 'context.npy', 'mnist_spnrp_40.log', '500000', '30', '30', '0.4']
66.0261945758841,98.89511842744253,0.3267078399658203,8.728737115859985,500000
